<?xml version="1.0" encoding="UTF-8"?>
<!-- Generated by org.testng.reporters.JUnitXMLReporter -->
<testsuite hostname="DESKTOP-6IT123O" name="Test Google" tests="1" failures="0" timestamp="24 Aug 2022 09:21:03 GMT" time="0.084" errors="0">
  <testcase name="@BeforeTest setup" time="0.0" classname="ExtentReports.ExtentReports">
    <skipped/>
  </testcase> <!-- @BeforeTest setup -->
  <testcase name="@AfterMethod checkStatus" time="0.004" classname="ExtentReports.ExtentReports">
    <skipped/>
  </testcase> <!-- @AfterMethod checkStatus -->
  <testcase name="@AfterTest tearDown" time="0.0" classname="ExtentReports.ExtentReports">
    <skipped/>
  </testcase> <!-- @AfterTest tearDown -->
  <testcase name="TestGoogle" time="0.004" classname="ExtentReports.ExtentReports">
    <skipped/>
  </testcase> <!-- TestGoogle -->
</testsuite> <!-- Test Google -->
