<?xml version="1.0" encoding="UTF-8"?>
<!-- Generated by org.testng.reporters.JUnitXMLReporter -->
<testsuite hostname="DESKTOP-6IT123O" name="test2" tests="2" failures="1" timestamp="16 Aug 2022 06:05:54 GMT" time="17.4" errors="0">
  <testcase name="TestGoogle" time="7.352" classname="Satish.TakeScrenshor"/>
  <testcase name="TestOrangeHRM" time="7.201" classname="Satish.TakeScrenshor">
    <failure type="java.lang.AssertionError" message="expected [DashBoardTittle is not matching] but found [OrangeHRM]">
      <![CDATA[java.lang.AssertionError: expected [DashBoardTittle is not matching] but found [OrangeHRM]
	at Satish.TakeScrenshor.TestOrangeHRM(TakeScrenshor.java:32)
... Removed 29 stack frames]]>
    </failure>
  </testcase> <!-- TestOrangeHRM -->
</testsuite> <!-- test2 -->
