<?xml version="1.0" encoding="UTF-8"?>
<!-- Generated by org.testng.reporters.JUnitXMLReporter -->
<testsuite hostname="DESKTOP-6IT123O" name="Test Facebook" tests="1" failures="0" timestamp="24 Aug 2022 09:21:03 GMT" time="0.033" errors="0">
  <testcase name="@BeforeTest setup" time="0.0" classname="ExtentReports.ExtentReports">
    <skipped/>
  </testcase> <!-- @BeforeTest setup -->
  <testcase name="@AfterMethod checkStatus" time="0.0" classname="ExtentReports.ExtentReports">
    <skipped/>
  </testcase> <!-- @AfterMethod checkStatus -->
  <testcase name="@AfterTest tearDown" time="0.0" classname="ExtentReports.ExtentReports">
    <skipped/>
  </testcase> <!-- @AfterTest tearDown -->
  <testcase name="TestFacebook" time="0.003" classname="ExtentReports.ExtentReports">
    <skipped/>
  </testcase> <!-- TestFacebook -->
</testsuite> <!-- Test Facebook -->
