<?xml version="1.0" encoding="UTF-8"?>
<!-- Generated by org.testng.reporters.JUnitXMLReporter -->
<testsuite hostname="DESKTOP-6IT123O" name="Test OrangeHRM" tests="1" failures="0" timestamp="24 Aug 2022 09:21:03 GMT" time="0.031" errors="0">
  <testcase name="@BeforeSuite initialiseExtentReports" time="0.0" classname="ExtentReports.ExtentReports">
    <failure type="java.lang.Error" message="Unresolved compilation problems: 
	ExtentSparkReporter cannot be resolved to a type
	ExtentSparkReporter cannot be resolved to a type
">
      <![CDATA[java.lang.Error: Unresolved compilation problems: 
	ExtentSparkReporter cannot be resolved to a type
	ExtentSparkReporter cannot be resolved to a type

	at ExtentReports.BaseTest.initialiseExtentReports(BaseTest.java:70)
... Removed 18 stack frames]]>
    </failure>
  </testcase> <!-- @BeforeSuite initialiseExtentReports -->
  <testcase name="@BeforeTest setup" time="0.0" classname="ExtentReports.ExtentReports">
    <skipped/>
  </testcase> <!-- @BeforeTest setup -->
  <testcase name="@AfterMethod checkStatus" time="0.0" classname="ExtentReports.ExtentReports">
    <skipped/>
  </testcase> <!-- @AfterMethod checkStatus -->
  <testcase name="@AfterTest tearDown" time="0.0" classname="ExtentReports.ExtentReports">
    <skipped/>
  </testcase> <!-- @AfterTest tearDown -->
  <testcase name="TestOrangeHRM" time="0.007" classname="ExtentReports.ExtentReports">
    <skipped/>
  </testcase> <!-- TestOrangeHRM -->
</testsuite> <!-- Test OrangeHRM -->
