<?xml version="1.0" encoding="UTF-8"?>
<testng-results skipped="3" failed="0" total="3" passed="0">
  <reporter-output>
  </reporter-output>
  <suite name="Suite" duration-ms="317" started-at="2022-08-24T09:21:02Z" finished-at="2022-08-24T09:21:03Z">
    <groups>
      <group name="regression">
        <method signature="ExtentReports.TestFacebook()[pri:0, instance:ExtentReports.ExtentReports@5383967b]" name="TestFacebook" class="ExtentReports.ExtentReports"/>
      </group> <!-- regression -->
      <group name="smoke">
        <method signature="ExtentReports.TestGoogle()[pri:0, instance:ExtentReports.ExtentReports@20322d26]" name="TestGoogle" class="ExtentReports.ExtentReports"/>
        <method signature="ExtentReports.TestFacebook()[pri:0, instance:ExtentReports.ExtentReports@5383967b]" name="TestFacebook" class="ExtentReports.ExtentReports"/>
      </group> <!-- smoke -->
      <group name="sanity">
        <method signature="ExtentReports.TestOrangeHRM()[pri:0, instance:ExtentReports.ExtentReports@5abca1e0]" name="TestOrangeHRM" class="ExtentReports.ExtentReports"/>
      </group> <!-- sanity -->
    </groups>
    <test name="Test Google" duration-ms="84" started-at="2022-08-24T09:21:02Z" finished-at="2022-08-24T09:21:03Z">
      <class name="ExtentReports.ExtentReports">
        <test-method status="SKIP" signature="setup(org.testng.ITestContext, java.lang.String)[pri:0, instance:ExtentReports.ExtentReports@20322d26]" name="setup" is-config="true" duration-ms="0" started-at="2022-08-24T14:51:03Z" finished-at="2022-08-24T14:51:03Z">
          <reporter-output>
          </reporter-output>
        </test-method> <!-- setup -->
        <test-method status="SKIP" signature="TestGoogle()[pri:0, instance:ExtentReports.ExtentReports@20322d26]" name="TestGoogle" duration-ms="4" started-at="2022-08-24T14:51:03Z" finished-at="2022-08-24T14:51:03Z">
          <reporter-output>
          </reporter-output>
        </test-method> <!-- TestGoogle -->
        <test-method status="SKIP" signature="checkStatus(java.lang.reflect.Method, org.testng.ITestResult)[pri:0, instance:ExtentReports.ExtentReports@20322d26]" name="checkStatus" is-config="true" duration-ms="4" started-at="2022-08-24T14:51:03Z" finished-at="2022-08-24T14:51:03Z">
          <reporter-output>
          </reporter-output>
        </test-method> <!-- checkStatus -->
        <test-method status="SKIP" signature="tearDown()[pri:0, instance:ExtentReports.ExtentReports@20322d26]" name="tearDown" is-config="true" duration-ms="0" started-at="2022-08-24T14:51:03Z" finished-at="2022-08-24T14:51:03Z">
          <reporter-output>
          </reporter-output>
        </test-method> <!-- tearDown -->
      </class> <!-- ExtentReports.ExtentReports -->
    </test> <!-- Test Google -->
    <test name="Test Facebook" duration-ms="33" started-at="2022-08-24T09:21:03Z" finished-at="2022-08-24T09:21:03Z">
      <class name="ExtentReports.ExtentReports">
        <test-method status="SKIP" signature="setup(org.testng.ITestContext, java.lang.String)[pri:0, instance:ExtentReports.ExtentReports@5383967b]" name="setup" is-config="true" duration-ms="0" started-at="2022-08-24T14:51:03Z" finished-at="2022-08-24T14:51:03Z">
          <reporter-output>
          </reporter-output>
        </test-method> <!-- setup -->
        <test-method status="SKIP" signature="TestFacebook()[pri:0, instance:ExtentReports.ExtentReports@5383967b]" name="TestFacebook" duration-ms="3" started-at="2022-08-24T14:51:03Z" finished-at="2022-08-24T14:51:03Z">
          <reporter-output>
          </reporter-output>
        </test-method> <!-- TestFacebook -->
        <test-method status="SKIP" signature="checkStatus(java.lang.reflect.Method, org.testng.ITestResult)[pri:0, instance:ExtentReports.ExtentReports@5383967b]" name="checkStatus" is-config="true" duration-ms="0" started-at="2022-08-24T14:51:03Z" finished-at="2022-08-24T14:51:03Z">
          <reporter-output>
          </reporter-output>
        </test-method> <!-- checkStatus -->
        <test-method status="SKIP" signature="tearDown()[pri:0, instance:ExtentReports.ExtentReports@5383967b]" name="tearDown" is-config="true" duration-ms="0" started-at="2022-08-24T14:51:03Z" finished-at="2022-08-24T14:51:03Z">
          <reporter-output>
          </reporter-output>
        </test-method> <!-- tearDown -->
      </class> <!-- ExtentReports.ExtentReports -->
    </test> <!-- Test Facebook -->
    <test name="Test OrangeHRM" duration-ms="31" started-at="2022-08-24T09:21:03Z" finished-at="2022-08-24T09:21:03Z">
      <class name="ExtentReports.ExtentReports">
        <test-method status="FAIL" signature="initialiseExtentReports()[pri:0, instance:ExtentReports.ExtentReports@5abca1e0]" name="initialiseExtentReports" is-config="true" duration-ms="0" started-at="2022-08-24T14:51:02Z" finished-at="2022-08-24T14:51:02Z">
          <exception class="java.lang.Error">
            <message>
              <![CDATA[Unresolved compilation problems: 
	ExtentSparkReporter cannot be resolved to a type
	ExtentSparkReporter cannot be resolved to a type
]]>
            </message>
            <full-stacktrace>
              <![CDATA[java.lang.Error: Unresolved compilation problems: 
	ExtentSparkReporter cannot be resolved to a type
	ExtentSparkReporter cannot be resolved to a type

	at ExtentReports.BaseTest.initialiseExtentReports(BaseTest.java:70)
	at sun.reflect.NativeMethodAccessorImpl.invoke0(Native Method)
	at sun.reflect.NativeMethodAccessorImpl.invoke(Unknown Source)
	at sun.reflect.DelegatingMethodAccessorImpl.invoke(Unknown Source)
	at java.lang.reflect.Method.invoke(Unknown Source)
	at org.testng.internal.MethodInvocationHelper.invokeMethod(MethodInvocationHelper.java:85)
	at org.testng.internal.Invoker.invokeConfigurationMethod(Invoker.java:510)
	at org.testng.internal.Invoker.invokeConfigurations(Invoker.java:211)
	at org.testng.internal.Invoker.invokeConfigurations(Invoker.java:138)
	at org.testng.SuiteRunner.privateRun(SuiteRunner.java:298)
	at org.testng.SuiteRunner.run(SuiteRunner.java:261)
	at org.testng.SuiteRunnerWorker.runSuite(SuiteRunnerWorker.java:52)
	at org.testng.SuiteRunnerWorker.run(SuiteRunnerWorker.java:86)
	at org.testng.TestNG.runSuitesSequentially(TestNG.java:1215)
	at org.testng.TestNG.runSuitesLocally(TestNG.java:1140)
	at org.testng.TestNG.run(TestNG.java:1048)
	at org.testng.remote.AbstractRemoteTestNG.run(AbstractRemoteTestNG.java:114)
	at org.testng.remote.RemoteTestNG.initAndRun(RemoteTestNG.java:251)
	at org.testng.remote.RemoteTestNG.main(RemoteTestNG.java:77)
]]>
            </full-stacktrace>
          </exception> <!-- java.lang.Error -->
          <reporter-output>
          </reporter-output>
        </test-method> <!-- initialiseExtentReports -->
        <test-method status="SKIP" signature="setup(org.testng.ITestContext, java.lang.String)[pri:0, instance:ExtentReports.ExtentReports@5abca1e0]" name="setup" is-config="true" duration-ms="0" started-at="2022-08-24T14:51:03Z" finished-at="2022-08-24T14:51:03Z">
          <reporter-output>
          </reporter-output>
        </test-method> <!-- setup -->
        <test-method status="SKIP" signature="TestOrangeHRM()[pri:0, instance:ExtentReports.ExtentReports@5abca1e0]" name="TestOrangeHRM" duration-ms="7" started-at="2022-08-24T14:51:03Z" finished-at="2022-08-24T14:51:03Z">
          <reporter-output>
          </reporter-output>
        </test-method> <!-- TestOrangeHRM -->
        <test-method status="SKIP" signature="checkStatus(java.lang.reflect.Method, org.testng.ITestResult)[pri:0, instance:ExtentReports.ExtentReports@5abca1e0]" name="checkStatus" is-config="true" duration-ms="0" started-at="2022-08-24T14:51:03Z" finished-at="2022-08-24T14:51:03Z">
          <reporter-output>
          </reporter-output>
        </test-method> <!-- checkStatus -->
        <test-method status="SKIP" signature="tearDown()[pri:0, instance:ExtentReports.ExtentReports@5abca1e0]" name="tearDown" is-config="true" duration-ms="0" started-at="2022-08-24T14:51:03Z" finished-at="2022-08-24T14:51:03Z">
          <reporter-output>
          </reporter-output>
        </test-method> <!-- tearDown -->
        <test-method status="SKIP" signature="generateReports()[pri:0, instance:ExtentReports.ExtentReports@5abca1e0]" name="generateReports" is-config="true" duration-ms="0" started-at="2022-08-24T14:51:03Z" finished-at="2022-08-24T14:51:03Z">
          <reporter-output>
          </reporter-output>
        </test-method> <!-- generateReports -->
      </class> <!-- ExtentReports.ExtentReports -->
    </test> <!-- Test OrangeHRM -->
  </suite> <!-- Suite -->
</testng-results>
